/home/poommipat/abu/ExoReality/workspace_ws/src/robot_bringup/install/robot_bringup/lib/python3.10/site-packages/robot_bringup/__init__.py
/home/poommipat/abu/ExoReality/workspace_ws/src/robot_bringup/install/robot_bringup/lib/python3.10/site-packages/robot_bringup/bringup.py
/home/poommipat/abu/ExoReality/workspace_ws/src/robot_bringup/install/robot_bringup/lib/python3.10/site-packages/robot_bringup/joy.py
/home/poommipat/abu/ExoReality/workspace_ws/src/robot_bringup/install/robot_bringup/lib/python3.10/site-packages/robot_bringup/odom.py
/home/poommipat/abu/ExoReality/workspace_ws/src/robot_bringup/install/robot_bringup/lib/python3.10/site-packages/robot_bringup/__pycache__/__init__.cpython-310.pyc
/home/poommipat/abu/ExoReality/workspace_ws/src/robot_bringup/install/robot_bringup/lib/python3.10/site-packages/robot_bringup/__pycache__/bringup.cpython-310.pyc
/home/poommipat/abu/ExoReality/workspace_ws/src/robot_bringup/install/robot_bringup/lib/python3.10/site-packages/robot_bringup/__pycache__/joy.cpython-310.pyc
/home/poommipat/abu/ExoReality/workspace_ws/src/robot_bringup/install/robot_bringup/lib/python3.10/site-packages/robot_bringup/__pycache__/odom.cpython-310.pyc
/home/poommipat/abu/ExoReality/workspace_ws/src/robot_bringup/install/robot_bringup/share/ament_index/resource_index/packages/robot_bringup
/home/poommipat/abu/ExoReality/workspace_ws/src/robot_bringup/install/robot_bringup/share/robot_bringup/package.xml
/home/poommipat/abu/ExoReality/workspace_ws/src/robot_bringup/install/robot_bringup/share/robot_bringup/launch/cartographer.launch.py
/home/poommipat/abu/ExoReality/workspace_ws/src/robot_bringup/install/robot_bringup/share/robot_bringup/launch/nav2.launch.py
/home/poommipat/abu/ExoReality/workspace_ws/src/robot_bringup/install/robot_bringup/share/robot_bringup/launch/robot_bringup.launch.py
/home/poommipat/abu/ExoReality/workspace_ws/src/robot_bringup/install/robot_bringup/share/robot_bringup/config/cartographer.lua
/home/poommipat/abu/ExoReality/workspace_ws/src/robot_bringup/install/robot_bringup/share/robot_bringup/config/ekf.yaml
/home/poommipat/abu/ExoReality/workspace_ws/src/robot_bringup/install/robot_bringup/share/robot_bringup/config/nav2_params.yaml
/home/poommipat/abu/ExoReality/workspace_ws/src/robot_bringup/install/robot_bringup/share/robot_bringup/maps/firstmap.yaml
/home/poommipat/abu/ExoReality/workspace_ws/src/robot_bringup/install/robot_bringup/share/robot_bringup/maps/wrg2024_map.yaml
/home/poommipat/abu/ExoReality/workspace_ws/src/robot_bringup/install/robot_bringup/share/robot_bringup/maps/wrg2024_map.pgm
/home/poommipat/abu/ExoReality/workspace_ws/src/robot_bringup/install/robot_bringup/share/robot_bringup/maps/firstmap.pgm
/home/poommipat/abu/ExoReality/workspace_ws/src/robot_bringup/install/robot_bringup/lib/python3.10/site-packages/robot_bringup-0.0.0-py3.10.egg-info/top_level.txt
/home/poommipat/abu/ExoReality/workspace_ws/src/robot_bringup/install/robot_bringup/lib/python3.10/site-packages/robot_bringup-0.0.0-py3.10.egg-info/requires.txt
/home/poommipat/abu/ExoReality/workspace_ws/src/robot_bringup/install/robot_bringup/lib/python3.10/site-packages/robot_bringup-0.0.0-py3.10.egg-info/zip-safe
/home/poommipat/abu/ExoReality/workspace_ws/src/robot_bringup/install/robot_bringup/lib/python3.10/site-packages/robot_bringup-0.0.0-py3.10.egg-info/SOURCES.txt
/home/poommipat/abu/ExoReality/workspace_ws/src/robot_bringup/install/robot_bringup/lib/python3.10/site-packages/robot_bringup-0.0.0-py3.10.egg-info/PKG-INFO
/home/poommipat/abu/ExoReality/workspace_ws/src/robot_bringup/install/robot_bringup/lib/python3.10/site-packages/robot_bringup-0.0.0-py3.10.egg-info/dependency_links.txt
/home/poommipat/abu/ExoReality/workspace_ws/src/robot_bringup/install/robot_bringup/lib/python3.10/site-packages/robot_bringup-0.0.0-py3.10.egg-info/entry_points.txt
/home/poommipat/abu/ExoReality/workspace_ws/src/robot_bringup/install/robot_bringup/lib/robot_bringup/robot_bringup
/home/poommipat/abu/ExoReality/workspace_ws/src/robot_bringup/install/robot_bringup/lib/robot_bringup/robot_odom
