running egg_info
writing build/robot_bringup/robot_bringup.egg-info/PKG-INFO
writing dependency_links to build/robot_bringup/robot_bringup.egg-info/dependency_links.txt
writing entry points to build/robot_bringup/robot_bringup.egg-info/entry_points.txt
writing requirements to build/robot_bringup/robot_bringup.egg-info/requires.txt
writing top-level names to build/robot_bringup/robot_bringup.egg-info/top_level.txt
reading manifest file 'build/robot_bringup/robot_bringup.egg-info/SOURCES.txt'
writing manifest file 'build/robot_bringup/robot_bringup.egg-info/SOURCES.txt'
running build
running build_py
copying robot_bringup/bringup.py -> /home/poommipat/abu/ExoReality/workspace_ws/src/robot_bringup/build/robot_bringup/build/lib/robot_bringup
running install
running install_lib
copying /home/poommipat/abu/ExoReality/workspace_ws/src/robot_bringup/build/robot_bringup/build/lib/robot_bringup/bringup.py -> /home/poommipat/abu/ExoReality/workspace_ws/src/robot_bringup/install/robot_bringup/lib/python3.10/site-packages/robot_bringup
byte-compiling /home/poommipat/abu/ExoReality/workspace_ws/src/robot_bringup/install/robot_bringup/lib/python3.10/site-packages/robot_bringup/bringup.py to bringup.cpython-310.pyc
running install_data
running install_egg_info
removing '/home/poommipat/abu/ExoReality/workspace_ws/src/robot_bringup/install/robot_bringup/lib/python3.10/site-packages/robot_bringup-0.0.0-py3.10.egg-info' (and everything under it)
Copying build/robot_bringup/robot_bringup.egg-info to /home/poommipat/abu/ExoReality/workspace_ws/src/robot_bringup/install/robot_bringup/lib/python3.10/site-packages/robot_bringup-0.0.0-py3.10.egg-info
running install_scripts
Installing robot_bringup script to /home/poommipat/abu/ExoReality/workspace_ws/src/robot_bringup/install/robot_bringup/lib/robot_bringup
Installing robot_odom script to /home/poommipat/abu/ExoReality/workspace_ws/src/robot_bringup/install/robot_bringup/lib/robot_bringup
writing list of installed files to '/home/poommipat/abu/ExoReality/workspace_ws/src/robot_bringup/build/robot_bringup/install.log'
