[1.104s] Invoking command in '/home/poommipat/abu/ExoReality/workspace_ws/src/robot_bringup': PYTHONPATH=/home/poommipat/abu/ExoReality/workspace_ws/src/robot_bringup/build/robot_bringup/prefix_override:/home/poommipat/abu/ExoReality/workspace_ws/src/robot_bringup/install/robot_bringup/lib/python3.10/site-packages:${PYTHONPATH} /usr/bin/python3 -W ignore:setup.py install is deprecated setup.py egg_info --egg-base build/robot_bringup build --build-base /home/poommipat/abu/ExoReality/workspace_ws/src/robot_bringup/build/robot_bringup/build install --record /home/poommipat/abu/ExoReality/workspace_ws/src/robot_bringup/build/robot_bringup/install.log --single-version-externally-managed install_data
[1.570s] running egg_info
[1.589s] writing build/robot_bringup/robot_bringup.egg-info/PKG-INFO
[1.589s] writing dependency_links to build/robot_bringup/robot_bringup.egg-info/dependency_links.txt
[1.589s] writing entry points to build/robot_bringup/robot_bringup.egg-info/entry_points.txt
[1.590s] writing requirements to build/robot_bringup/robot_bringup.egg-info/requires.txt
[1.590s] writing top-level names to build/robot_bringup/robot_bringup.egg-info/top_level.txt
[1.629s] reading manifest file 'build/robot_bringup/robot_bringup.egg-info/SOURCES.txt'
[1.630s] writing manifest file 'build/robot_bringup/robot_bringup.egg-info/SOURCES.txt'
[1.630s] running build
[1.630s] running build_py
[1.630s] copying robot_bringup/bringup.py -> /home/poommipat/abu/ExoReality/workspace_ws/src/robot_bringup/build/robot_bringup/build/lib/robot_bringup
[1.631s] running install
[1.635s] running install_lib
[1.655s] copying /home/poommipat/abu/ExoReality/workspace_ws/src/robot_bringup/build/robot_bringup/build/lib/robot_bringup/bringup.py -> /home/poommipat/abu/ExoReality/workspace_ws/src/robot_bringup/install/robot_bringup/lib/python3.10/site-packages/robot_bringup
[1.655s] byte-compiling /home/poommipat/abu/ExoReality/workspace_ws/src/robot_bringup/install/robot_bringup/lib/python3.10/site-packages/robot_bringup/bringup.py to bringup.cpython-310.pyc
[1.656s] running install_data
[1.657s] running install_egg_info
[1.677s] removing '/home/poommipat/abu/ExoReality/workspace_ws/src/robot_bringup/install/robot_bringup/lib/python3.10/site-packages/robot_bringup-0.0.0-py3.10.egg-info' (and everything under it)
[1.678s] Copying build/robot_bringup/robot_bringup.egg-info to /home/poommipat/abu/ExoReality/workspace_ws/src/robot_bringup/install/robot_bringup/lib/python3.10/site-packages/robot_bringup-0.0.0-py3.10.egg-info
[1.679s] running install_scripts
[1.751s] Installing robot_bringup script to /home/poommipat/abu/ExoReality/workspace_ws/src/robot_bringup/install/robot_bringup/lib/robot_bringup
[1.751s] Installing robot_odom script to /home/poommipat/abu/ExoReality/workspace_ws/src/robot_bringup/install/robot_bringup/lib/robot_bringup
[1.751s] writing list of installed files to '/home/poommipat/abu/ExoReality/workspace_ws/src/robot_bringup/build/robot_bringup/install.log'
[1.783s] Invoked command in '/home/poommipat/abu/ExoReality/workspace_ws/src/robot_bringup' returned '0': PYTHONPATH=/home/poommipat/abu/ExoReality/workspace_ws/src/robot_bringup/build/robot_bringup/prefix_override:/home/poommipat/abu/ExoReality/workspace_ws/src/robot_bringup/install/robot_bringup/lib/python3.10/site-packages:${PYTHONPATH} /usr/bin/python3 -W ignore:setup.py install is deprecated setup.py egg_info --egg-base build/robot_bringup build --build-base /home/poommipat/abu/ExoReality/workspace_ws/src/robot_bringup/build/robot_bringup/build install --record /home/poommipat/abu/ExoReality/workspace_ws/src/robot_bringup/build/robot_bringup/install.log --single-version-externally-managed install_data
