running egg_info
creating build/robot_bringup/robot_bringup.egg-info
writing build/robot_bringup/robot_bringup.egg-info/PKG-INFO
writing dependency_links to build/robot_bringup/robot_bringup.egg-info/dependency_links.txt
writing entry points to build/robot_bringup/robot_bringup.egg-info/entry_points.txt
writing requirements to build/robot_bringup/robot_bringup.egg-info/requires.txt
writing top-level names to build/robot_bringup/robot_bringup.egg-info/top_level.txt
writing manifest file 'build/robot_bringup/robot_bringup.egg-info/SOURCES.txt'
reading manifest file 'build/robot_bringup/robot_bringup.egg-info/SOURCES.txt'
writing manifest file 'build/robot_bringup/robot_bringup.egg-info/SOURCES.txt'
running build
running build_py
creating /home/poommipat/abu/ExoReality/workspace_ws/src/robot_bringup/build/robot_bringup/build
creating /home/poommipat/abu/ExoReality/workspace_ws/src/robot_bringup/build/robot_bringup/build/lib
creating /home/poommipat/abu/ExoReality/workspace_ws/src/robot_bringup/build/robot_bringup/build/lib/robot_bringup
copying robot_bringup/__init__.py -> /home/poommipat/abu/ExoReality/workspace_ws/src/robot_bringup/build/robot_bringup/build/lib/robot_bringup
copying robot_bringup/bringup.py -> /home/poommipat/abu/ExoReality/workspace_ws/src/robot_bringup/build/robot_bringup/build/lib/robot_bringup
copying robot_bringup/joy.py -> /home/poommipat/abu/ExoReality/workspace_ws/src/robot_bringup/build/robot_bringup/build/lib/robot_bringup
copying robot_bringup/odom.py -> /home/poommipat/abu/ExoReality/workspace_ws/src/robot_bringup/build/robot_bringup/build/lib/robot_bringup
running install
running install_lib
creating /home/poommipat/abu/ExoReality/workspace_ws/src/robot_bringup/install/robot_bringup/lib/python3.10/site-packages/robot_bringup
copying /home/poommipat/abu/ExoReality/workspace_ws/src/robot_bringup/build/robot_bringup/build/lib/robot_bringup/__init__.py -> /home/poommipat/abu/ExoReality/workspace_ws/src/robot_bringup/install/robot_bringup/lib/python3.10/site-packages/robot_bringup
copying /home/poommipat/abu/ExoReality/workspace_ws/src/robot_bringup/build/robot_bringup/build/lib/robot_bringup/bringup.py -> /home/poommipat/abu/ExoReality/workspace_ws/src/robot_bringup/install/robot_bringup/lib/python3.10/site-packages/robot_bringup
copying /home/poommipat/abu/ExoReality/workspace_ws/src/robot_bringup/build/robot_bringup/build/lib/robot_bringup/joy.py -> /home/poommipat/abu/ExoReality/workspace_ws/src/robot_bringup/install/robot_bringup/lib/python3.10/site-packages/robot_bringup
copying /home/poommipat/abu/ExoReality/workspace_ws/src/robot_bringup/build/robot_bringup/build/lib/robot_bringup/odom.py -> /home/poommipat/abu/ExoReality/workspace_ws/src/robot_bringup/install/robot_bringup/lib/python3.10/site-packages/robot_bringup
byte-compiling /home/poommipat/abu/ExoReality/workspace_ws/src/robot_bringup/install/robot_bringup/lib/python3.10/site-packages/robot_bringup/__init__.py to __init__.cpython-310.pyc
byte-compiling /home/poommipat/abu/ExoReality/workspace_ws/src/robot_bringup/install/robot_bringup/lib/python3.10/site-packages/robot_bringup/bringup.py to bringup.cpython-310.pyc
byte-compiling /home/poommipat/abu/ExoReality/workspace_ws/src/robot_bringup/install/robot_bringup/lib/python3.10/site-packages/robot_bringup/joy.py to joy.cpython-310.pyc
byte-compiling /home/poommipat/abu/ExoReality/workspace_ws/src/robot_bringup/install/robot_bringup/lib/python3.10/site-packages/robot_bringup/odom.py to odom.cpython-310.pyc
running install_data
creating /home/poommipat/abu/ExoReality/workspace_ws/src/robot_bringup/install/robot_bringup/share/ament_index
creating /home/poommipat/abu/ExoReality/workspace_ws/src/robot_bringup/install/robot_bringup/share/ament_index/resource_index
creating /home/poommipat/abu/ExoReality/workspace_ws/src/robot_bringup/install/robot_bringup/share/ament_index/resource_index/packages
copying resource/robot_bringup -> /home/poommipat/abu/ExoReality/workspace_ws/src/robot_bringup/install/robot_bringup/share/ament_index/resource_index/packages
copying package.xml -> /home/poommipat/abu/ExoReality/workspace_ws/src/robot_bringup/install/robot_bringup/share/robot_bringup
creating /home/poommipat/abu/ExoReality/workspace_ws/src/robot_bringup/install/robot_bringup/share/robot_bringup/launch
copying launch/cartographer.launch.py -> /home/poommipat/abu/ExoReality/workspace_ws/src/robot_bringup/install/robot_bringup/share/robot_bringup/launch
copying launch/nav2.launch.py -> /home/poommipat/abu/ExoReality/workspace_ws/src/robot_bringup/install/robot_bringup/share/robot_bringup/launch
copying launch/robot_bringup.launch.py -> /home/poommipat/abu/ExoReality/workspace_ws/src/robot_bringup/install/robot_bringup/share/robot_bringup/launch
creating /home/poommipat/abu/ExoReality/workspace_ws/src/robot_bringup/install/robot_bringup/share/robot_bringup/config
copying config/cartographer.lua -> /home/poommipat/abu/ExoReality/workspace_ws/src/robot_bringup/install/robot_bringup/share/robot_bringup/config
copying config/ekf.yaml -> /home/poommipat/abu/ExoReality/workspace_ws/src/robot_bringup/install/robot_bringup/share/robot_bringup/config
copying config/nav2_params.yaml -> /home/poommipat/abu/ExoReality/workspace_ws/src/robot_bringup/install/robot_bringup/share/robot_bringup/config
creating /home/poommipat/abu/ExoReality/workspace_ws/src/robot_bringup/install/robot_bringup/share/robot_bringup/maps
copying maps/firstmap.yaml -> /home/poommipat/abu/ExoReality/workspace_ws/src/robot_bringup/install/robot_bringup/share/robot_bringup/maps
copying maps/wrg2024_map.yaml -> /home/poommipat/abu/ExoReality/workspace_ws/src/robot_bringup/install/robot_bringup/share/robot_bringup/maps
copying maps/wrg2024_map.pgm -> /home/poommipat/abu/ExoReality/workspace_ws/src/robot_bringup/install/robot_bringup/share/robot_bringup/maps
copying maps/firstmap.pgm -> /home/poommipat/abu/ExoReality/workspace_ws/src/robot_bringup/install/robot_bringup/share/robot_bringup/maps
running install_egg_info
Copying build/robot_bringup/robot_bringup.egg-info to /home/poommipat/abu/ExoReality/workspace_ws/src/robot_bringup/install/robot_bringup/lib/python3.10/site-packages/robot_bringup-0.0.0-py3.10.egg-info
running install_scripts
Installing robot_bringup script to /home/poommipat/abu/ExoReality/workspace_ws/src/robot_bringup/install/robot_bringup/lib/robot_bringup
Installing robot_odom script to /home/poommipat/abu/ExoReality/workspace_ws/src/robot_bringup/install/robot_bringup/lib/robot_bringup
writing list of installed files to '/home/poommipat/abu/ExoReality/workspace_ws/src/robot_bringup/build/robot_bringup/install.log'
