[1.067s] Invoking command in '/home/poommipat/abu/ExoReality/workspace_ws/src/robot_bringup': PYTHONPATH=/home/poommipat/abu/ExoReality/workspace_ws/src/robot_bringup/build/robot_bringup/prefix_override:/home/poommipat/abu/ExoReality/workspace_ws/src/robot_bringup/install/robot_bringup/lib/python3.10/site-packages:${PYTHONPATH} /usr/bin/python3 -W ignore:setup.py install is deprecated setup.py egg_info --egg-base build/robot_bringup build --build-base /home/poommipat/abu/ExoReality/workspace_ws/src/robot_bringup/build/robot_bringup/build install --record /home/poommipat/abu/ExoReality/workspace_ws/src/robot_bringup/build/robot_bringup/install.log --single-version-externally-managed install_data
[1.515s] running egg_info
[1.534s] writing build/robot_bringup/robot_bringup.egg-info/PKG-INFO
[1.535s] writing dependency_links to build/robot_bringup/robot_bringup.egg-info/dependency_links.txt
[1.535s] writing entry points to build/robot_bringup/robot_bringup.egg-info/entry_points.txt
[1.535s] writing requirements to build/robot_bringup/robot_bringup.egg-info/requires.txt
[1.535s] writing top-level names to build/robot_bringup/robot_bringup.egg-info/top_level.txt
[1.573s] reading manifest file 'build/robot_bringup/robot_bringup.egg-info/SOURCES.txt'
[1.573s] writing manifest file 'build/robot_bringup/robot_bringup.egg-info/SOURCES.txt'
[1.574s] running build
[1.574s] running build_py
[1.574s] running install
[1.578s] running install_lib
[1.597s] running install_data
[1.597s] running install_egg_info
[1.617s] removing '/home/poommipat/abu/ExoReality/workspace_ws/src/robot_bringup/install/robot_bringup/lib/python3.10/site-packages/robot_bringup-0.0.0-py3.10.egg-info' (and everything under it)
[1.617s] Copying build/robot_bringup/robot_bringup.egg-info to /home/poommipat/abu/ExoReality/workspace_ws/src/robot_bringup/install/robot_bringup/lib/python3.10/site-packages/robot_bringup-0.0.0-py3.10.egg-info
[1.618s] running install_scripts
[1.688s] Installing robot_bringup script to /home/poommipat/abu/ExoReality/workspace_ws/src/robot_bringup/install/robot_bringup/lib/robot_bringup
[1.688s] Installing robot_odom script to /home/poommipat/abu/ExoReality/workspace_ws/src/robot_bringup/install/robot_bringup/lib/robot_bringup
[1.688s] writing list of installed files to '/home/poommipat/abu/ExoReality/workspace_ws/src/robot_bringup/build/robot_bringup/install.log'
[1.716s] Invoked command in '/home/poommipat/abu/ExoReality/workspace_ws/src/robot_bringup' returned '0': PYTHONPATH=/home/poommipat/abu/ExoReality/workspace_ws/src/robot_bringup/build/robot_bringup/prefix_override:/home/poommipat/abu/ExoReality/workspace_ws/src/robot_bringup/install/robot_bringup/lib/python3.10/site-packages:${PYTHONPATH} /usr/bin/python3 -W ignore:setup.py install is deprecated setup.py egg_info --egg-base build/robot_bringup build --build-base /home/poommipat/abu/ExoReality/workspace_ws/src/robot_bringup/build/robot_bringup/build install --record /home/poommipat/abu/ExoReality/workspace_ws/src/robot_bringup/build/robot_bringup/install.log --single-version-externally-managed install_data
